<?xml version="1.0" encoding="UTF-8"?>
<testsuite xmlns:xsi="http://www.w3.org/2001/XMLSchema-instance" xsi:noNamespaceSchemaLocation="https://maven.apache.org/surefire/maven-surefire-plugin/xsd/surefire-test-report-3.0.xsd" version="3.0" name="com.trivago.automation.api.tests.HotelsAPITest" time="21.042" tests="12" errors="0" skipped="0" failures="0">
  <properties>
[...]
</properties>
  <testcase name="testCreateBookingWithValidData" classname="com.trivago.automation.api.tests.HotelsAPITest" time="13.187">
    <system-out><![CDATA[WARN StatusConsoleListener The use of package scanning to locate plugins is deprecated and will be removed in a future release
WARN StatusConsoleListener The use of package scanning to locate plugins is deprecated and will be removed in a future release
WARN StatusConsoleListener The use of package scanning to locate plugins is deprecated and will be removed in a future release
WARN StatusConsoleListener The use of package scanning to locate plugins is deprecated and will be removed in a future release
10:27:07.051 [main] INFO  com.trivago.automation.api.tests.HotelsAPITest - 

10:27:07.063 [main] INFO  com.trivago.automation.api.tests.HotelsAPITest - ╔════════════════════════════════════════════════════════╗
10:27:07.064 [main] INFO  com.trivago.automation.api.tests.HotelsAPITest - ║         STARTING TRIVAGO API TESTS WITH MOCK SERVER    ║
10:27:07.065 [main] INFO  com.trivago.automation.api.tests.HotelsAPITest - ╚════════════════════════════════════════════════════════╝
10:27:08.337 [main] INFO  org.eclipse.jetty.util.log - Logging initialized @5011ms to org.eclipse.jetty.util.log.Slf4jLog
10:27:09.176 [main] INFO  org.eclipse.jetty.server.Server - jetty-9.4.49.v20220914; built: 2022-09-14T01:07:36.601Z; git: 4231a3b2e4cb8548a412a789936d640a97b1aa0a; jvm 17.0.8+9-LTS-211
10:27:09.219 [main] INFO  org.eclipse.jetty.server.handler.ContextHandler - Started o.e.j.s.ServletContextHandler@15f2eda3{/__admin,null,AVAILABLE}
10:27:09.246 [main] INFO  org.eclipse.jetty.server.handler.ContextHandler.ROOT - RequestHandlerClass from context returned com.github.tomakehurst.wiremock.http.StubRequestHandler. Normalized mapped under returned 'null'
10:27:09.246 [main] INFO  org.eclipse.jetty.server.handler.ContextHandler - Started o.e.j.s.ServletContextHandler@5e8c34a0{/,null,AVAILABLE}
10:27:09.346 [main] INFO  org.eclipse.jetty.server.AbstractConnector - Started NetworkTrafficServerConnector@7c8326a4{HTTP/1.1, (http/1.1, h2c)}{0.0.0.0:8080}
10:27:09.347 [main] INFO  org.eclipse.jetty.server.Server - Started @6025ms
10:27:09.347 [main] INFO  com.trivago.automation.api.mock.MockApiServer - ════════════════════════════════════════════════════════
10:27:09.348 [main] INFO  com.trivago.automation.api.mock.MockApiServer - ✓ MOCK API SERVER STARTED
10:27:09.348 [main] INFO  com.trivago.automation.api.mock.MockApiServer - ════════════════════════════════════════════════════════
10:27:09.348 [main] INFO  com.trivago.automation.api.mock.MockApiServer - Base URL: http://localhost:8080
10:27:09.349 [main] INFO  com.trivago.automation.api.mock.MockApiServer - ════════════════════════════════════════════════════════
10:27:09.349 [main] INFO  com.trivago.automation.api.mock.MockApiServer - ────────────────────────────────────────────────────────
10:27:09.349 [main] INFO  com.trivago.automation.api.mock.MockApiServer - SETTING UP MOCK ENDPOINTS
10:27:09.349 [main] INFO  com.trivago.automation.api.mock.MockApiServer - ────────────────────────────────────────────────────────
10:27:09.431 [main] INFO  com.trivago.automation.api.mock.MockApiServer - ✓ Mocked: GET /v1/hotels/search → 200 OK (5 hotels)
10:27:09.434 [main] INFO  com.trivago.automation.api.mock.MockApiServer - ✓ Mocked: GET /v1/hotels/filter → 200 OK (filtered results)
10:27:09.435 [main] INFO  com.trivago.automation.api.mock.MockApiServer - ✓ Mocked: POST /v1/bookings → 201 Created (booking confirmed)
10:27:09.436 [main] INFO  com.trivago.automation.api.mock.MockApiServer - ✓ Mocked: GET /v1/hotels/sort → 200 OK (sorted by rating)
10:27:09.437 [main] INFO  com.trivago.automation.api.mock.MockApiServer - ✓ Mocked: GET /v1/hotels/{id} → 200 OK (hotel details)
10:27:09.446 [main] INFO  com.trivago.automation.api.mock.MockApiServer - ✓ Mocked: GET /v1/hotels/search (missing params) → 400 Bad Request
10:27:09.447 [main] INFO  com.trivago.automation.api.mock.MockApiServer - ────────────────────────────────────────────────────────
10:27:09.447 [main] INFO  com.trivago.automation.api.mock.MockApiServer - ✓ ALL MOCK ENDPOINTS CONFIGURED
10:27:09.447 [main] INFO  com.trivago.automation.api.mock.MockApiServer - ────────────────────────────────────────────────────────
10:27:09.448 [main] INFO  com.trivago.automation.api.tests.HotelsAPITest - 
10:27:09.451 [main] INFO  com.trivago.automation.api.utils.APIConfig - ✓ API Configuration loaded from application.properties
10:27:09.451 [main] INFO  com.trivago.automation.api.utils.APIConfig - ════════════════════════════════════════════════════════
10:27:09.452 [main] INFO  com.trivago.automation.api.utils.APIConfig - API CONFIGURATION (from application.properties)
10:27:09.452 [main] INFO  com.trivago.automation.api.utils.APIConfig - ════════════════════════════════════════════════════════
10:27:09.452 [main] INFO  com.trivago.automation.api.utils.APIConfig - Base URL: http://localhost:8080
10:27:09.452 [main] INFO  com.trivago.automation.api.utils.APIConfig - API Version: v1
10:27:09.453 [main] INFO  com.trivago.automation.api.utils.APIConfig - Timeout: 10000 ms
10:27:09.453 [main] INFO  com.trivago.automation.api.utils.APIConfig - Connection Timeout: 5000 ms
10:27:09.453 [main] INFO  com.trivago.automation.api.utils.APIConfig - ─────────────────────────────────────────────────────
10:27:09.453 [main] INFO  com.trivago.automation.api.utils.APIConfig - ENDPOINTS
10:27:09.454 [main] INFO  com.trivago.automation.api.utils.APIConfig - ─────────────────────────────────────────────────────
10:27:09.454 [main] INFO  com.trivago.automation.api.utils.APIConfig - Search: /hotels/search
10:27:09.454 [main] INFO  com.trivago.automation.api.utils.APIConfig - Hotels: /hotels
10:27:09.454 [main] INFO  com.trivago.automation.api.utils.APIConfig - Filter: /hotels/filter
10:27:09.455 [main] INFO  com.trivago.automation.api.utils.APIConfig - Sort: /hotels/sort
10:27:09.455 [main] INFO  com.trivago.automation.api.utils.APIConfig - Bookings: /bookings
10:27:09.455 [main] INFO  com.trivago.automation.api.utils.APIConfig - ─────────────────────────────────────────────────────
10:27:09.455 [main] INFO  com.trivago.automation.api.utils.APIConfig - TEST DATA
10:27:09.455 [main] INFO  com.trivago.automation.api.utils.APIConfig - ─────────────────────────────────────────────────────
10:27:09.456 [main] INFO  com.trivago.automation.api.utils.APIConfig - Destination: Paris
10:27:09.456 [main] INFO  com.trivago.automation.api.utils.APIConfig - Check-in: 2024-03-10
10:27:09.456 [main] INFO  com.trivago.automation.api.utils.APIConfig - Check-out: 2024-03-15
10:27:09.456 [main] INFO  com.trivago.automation.api.utils.APIConfig - Adults: 2
10:27:09.457 [main] INFO  com.trivago.automation.api.utils.APIConfig - Children: 1
10:27:09.457 [main] INFO  com.trivago.automation.api.utils.APIConfig - ════════════════════════════════════════════════════════
10:27:09.457 [main] INFO  com.trivago.automation.api.utils.APIConfig - ════════════════════════════════════════════════════════
10:27:09.457 [main] INFO  com.trivago.automation.api.utils.APIConfig - API CONFIGURATION (from application.properties)
10:27:09.458 [main] INFO  com.trivago.automation.api.utils.APIConfig - ════════════════════════════════════════════════════════
10:27:09.458 [main] INFO  com.trivago.automation.api.utils.APIConfig - Base URL: http://localhost:8080
10:27:09.458 [main] INFO  com.trivago.automation.api.utils.APIConfig - API Version: v1
10:27:09.459 [main] INFO  com.trivago.automation.api.utils.APIConfig - Timeout: 10000 ms
10:27:09.459 [main] INFO  com.trivago.automation.api.utils.APIConfig - Connection Timeout: 5000 ms
10:27:09.459 [main] INFO  com.trivago.automation.api.utils.APIConfig - ─────────────────────────────────────────────────────
10:27:09.459 [main] INFO  com.trivago.automation.api.utils.APIConfig - ENDPOINTS
10:27:09.459 [main] INFO  com.trivago.automation.api.utils.APIConfig - ─────────────────────────────────────────────────────
10:27:09.460 [main] INFO  com.trivago.automation.api.utils.APIConfig - Search: /hotels/search
10:27:09.460 [main] INFO  com.trivago.automation.api.utils.APIConfig - Hotels: /hotels
10:27:09.460 [main] INFO  com.trivago.automation.api.utils.APIConfig - Filter: /hotels/filter
10:27:09.460 [main] INFO  com.trivago.automation.api.utils.APIConfig - Sort: /hotels/sort
10:27:09.460 [main] INFO  com.trivago.automation.api.utils.APIConfig - Bookings: /bookings
10:27:09.461 [main] INFO  com.trivago.automation.api.utils.APIConfig - ─────────────────────────────────────────────────────
10:27:09.461 [main] INFO  com.trivago.automation.api.utils.APIConfig - TEST DATA
10:27:09.461 [main] INFO  com.trivago.automation.api.utils.APIConfig - ─────────────────────────────────────────────────────
10:27:09.461 [main] INFO  com.trivago.automation.api.utils.APIConfig - Destination: Paris
10:27:09.461 [main] INFO  com.trivago.automation.api.utils.APIConfig - Check-in: 2024-03-10
10:27:09.462 [main] INFO  com.trivago.automation.api.utils.APIConfig - Check-out: 2024-03-15
10:27:09.462 [main] INFO  com.trivago.automation.api.utils.APIConfig - Adults: 2
10:27:09.462 [main] INFO  com.trivago.automation.api.utils.APIConfig - Children: 1
10:27:09.462 [main] INFO  com.trivago.automation.api.utils.APIConfig - ════════════════════════════════════════════════════════
10:27:09.533 [main] INFO  com.trivago.automation.api.tests.HotelsAPITest - 
--- TEST 8: Create booking with valid data ---
10:27:09.552 [main] INFO  com.trivago.automation.api.tests.HotelsAPITest - POST Request to: http://localhost:8080/v1/bookings
10:27:09.553 [main] INFO  com.trivago.automation.api.tests.HotelsAPITest - Request Body: {
  "hotelId": 123,
  "destination": "Paris",
  "checkIn": "2024-03-10",
  "checkOut": "2024-03-15",
  "guests": {
    "adults": 2,
    "children": 1
  }
}
10:27:20.460 [main] INFO  com.trivago.automation.api.tests.HotelsAPITest - Response Status: 201
10:27:20.467 [main] INFO  com.trivago.automation.api.tests.HotelsAPITest - ✓ Status code is 201 (Booking created)
10:27:22.648 [main] INFO  com.trivago.automation.api.tests.HotelsAPITest - ✓ Booking ID: BK12345678
]]></system-out>
  </testcase>
  <testcase name="testFilterByMultipleAmenities" classname="com.trivago.automation.api.tests.HotelsAPITest" time="0.572">
    <system-out><![CDATA[10:27:22.683 [main] INFO  com.trivago.automation.api.tests.HotelsAPITest - 
--- TEST 7: Filter by multiple amenities ---
10:27:22.685 [main] INFO  com.trivago.automation.api.tests.HotelsAPITest - GET Request to: http://localhost:8080/v1/hotels/filter
10:27:22.685 [main] INFO  com.trivago.automation.api.tests.HotelsAPITest -   Param: destination = Paris
10:27:22.686 [main] INFO  com.trivago.automation.api.tests.HotelsAPITest -   Param: amenities = WiFi,Pool,Gym
10:27:23.250 [main] INFO  com.trivago.automation.api.tests.HotelsAPITest - Response Status: 200
10:27:23.251 [main] INFO  com.trivago.automation.api.tests.HotelsAPITest - ✓ Amenities filter applied
]]></system-out>
  </testcase>
  <testcase name="testCreateBookingWithMissingFields" classname="com.trivago.automation.api.tests.HotelsAPITest" time="0.044">
    <system-out><![CDATA[10:27:23.258 [main] INFO  com.trivago.automation.api.tests.HotelsAPITest - 
--- TEST 9: Create booking with missing fields ---
10:27:23.259 [main] INFO  com.trivago.automation.api.tests.HotelsAPITest - POST Request to: http://localhost:8080/v1/bookings
10:27:23.259 [main] INFO  com.trivago.automation.api.tests.HotelsAPITest - Request Body: {
  "destination": "Paris",
  "checkIn": "2024-03-10"
}
10:27:23.298 [main] INFO  com.trivago.automation.api.tests.HotelsAPITest - Response Status: 400
10:27:23.299 [main] INFO  com.trivago.automation.api.tests.HotelsAPITest - ✓ Returns 400 (error as expected)
]]></system-out>
  </testcase>
  <testcase name="testFilterByPriceRange" classname="com.trivago.automation.api.tests.HotelsAPITest" time="0.533">
    <system-out><![CDATA[10:27:23.304 [main] INFO  com.trivago.automation.api.tests.HotelsAPITest - 
--- TEST 6: Filter by price range ---
10:27:23.305 [main] INFO  com.trivago.automation.api.tests.HotelsAPITest - GET Request to: http://localhost:8080/v1/hotels/filter
10:27:23.306 [main] INFO  com.trivago.automation.api.tests.HotelsAPITest -   Param: destination = Paris
10:27:23.306 [main] INFO  com.trivago.automation.api.tests.HotelsAPITest -   Param: checkIn = 2024-03-10
10:27:23.306 [main] INFO  com.trivago.automation.api.tests.HotelsAPITest -   Param: checkOut = 2024-03-15
10:27:23.307 [main] INFO  com.trivago.automation.api.tests.HotelsAPITest -   Param: priceMin = 100
10:27:23.307 [main] INFO  com.trivago.automation.api.tests.HotelsAPITest -   Param: priceMax = 200
10:27:23.763 [main] INFO  com.trivago.automation.api.tests.HotelsAPITest - Response Status: 200
10:27:23.764 [main] INFO  com.trivago.automation.api.tests.HotelsAPITest - ✓ Price range filter applied
10:27:23.833 [main] INFO  com.trivago.automation.api.tests.HotelsAPITest - ✓ All 2 hotels within price range
]]></system-out>
  </testcase>
  <testcase name="testHotelObjectStructure" classname="com.trivago.automation.api.tests.HotelsAPITest" time="0.843">
    <system-out><![CDATA[10:27:23.841 [main] INFO  com.trivago.automation.api.tests.HotelsAPITest - 
--- TEST 12: Verify hotel object structure ---
10:27:23.841 [main] INFO  com.trivago.automation.api.tests.HotelsAPITest - GET Request to: http://localhost:8080/v1/hotels/search
10:27:23.841 [main] INFO  com.trivago.automation.api.tests.HotelsAPITest -   Param: destination = Paris
10:27:23.841 [main] INFO  com.trivago.automation.api.tests.HotelsAPITest -   Param: checkIn = 2024-03-10
10:27:23.842 [main] INFO  com.trivago.automation.api.tests.HotelsAPITest -   Param: checkOut = 2024-03-15
10:27:24.381 [main] INFO  com.trivago.automation.api.tests.HotelsAPITest - Response Status: 200
10:27:24.680 [main] INFO  com.trivago.automation.api.tests.HotelsAPITest - ✓ All required hotel fields present
10:27:24.680 [main] INFO  com.trivago.automation.api.tests.HotelsAPITest -   ID: 1, Name: Hilton Paris, Price: 150.0, Rating: 4.5
]]></system-out>
  </testcase>
  <testcase name="testSearchWithMissingParameters" classname="com.trivago.automation.api.tests.HotelsAPITest" time="0.045">
    <system-out><![CDATA[10:27:24.686 [main] INFO  com.trivago.automation.api.tests.HotelsAPITest - 
--- TEST 2: Search with missing parameters ---
10:27:24.687 [main] INFO  com.trivago.automation.api.tests.HotelsAPITest - GET Request to: http://localhost:8080/v1/hotels/search
10:27:24.687 [main] INFO  com.trivago.automation.api.tests.HotelsAPITest -   Param: checkIn = 2024-03-10
10:27:24.687 [main] INFO  com.trivago.automation.api.tests.HotelsAPITest -   Param: checkOut = 2024-03-15
10:27:24.726 [main] INFO  com.trivago.automation.api.tests.HotelsAPITest - Response Status: 400
10:27:24.727 [main] INFO  com.trivago.automation.api.tests.HotelsAPITest - ✓ Returns 400 (error response as expected)
]]></system-out>
  </testcase>
  <testcase name="testFilterByRating" classname="com.trivago.automation.api.tests.HotelsAPITest" time="0.496">
    <system-out><![CDATA[10:27:24.732 [main] INFO  com.trivago.automation.api.tests.HotelsAPITest - 
--- TEST 5: Filter by rating ---
10:27:24.733 [main] INFO  com.trivago.automation.api.tests.HotelsAPITest - GET Request to: http://localhost:8080/v1/hotels/filter
10:27:24.734 [main] INFO  com.trivago.automation.api.tests.HotelsAPITest -   Param: destination = Paris
10:27:24.735 [main] INFO  com.trivago.automation.api.tests.HotelsAPITest -   Param: checkIn = 2024-03-10
10:27:24.735 [main] INFO  com.trivago.automation.api.tests.HotelsAPITest -   Param: checkOut = 2024-03-15
10:27:24.736 [main] INFO  com.trivago.automation.api.tests.HotelsAPITest -   Param: rating = 4.5
10:27:25.191 [main] INFO  com.trivago.automation.api.tests.HotelsAPITest - Response Status: 200
10:27:25.192 [main] INFO  com.trivago.automation.api.tests.HotelsAPITest - ✓ Filter request successful
10:27:25.225 [main] INFO  com.trivago.automation.api.tests.HotelsAPITest - ✓ All 2 hotels have rating >= 4.5
]]></system-out>
  </testcase>
  <testcase name="testCreateBookingWithInvalidDates" classname="com.trivago.automation.api.tests.HotelsAPITest" time="0.052">
    <system-out><![CDATA[10:27:25.230 [main] INFO  com.trivago.automation.api.tests.HotelsAPITest - 
--- TEST 10: Create booking with invalid dates ---
10:27:25.231 [main] INFO  com.trivago.automation.api.tests.HotelsAPITest - POST Request to: http://localhost:8080/v1/bookings
10:27:25.231 [main] INFO  com.trivago.automation.api.tests.HotelsAPITest - Request Body: {
  "hotelId": 123,
  "checkIn": "2024-03-15",
  "checkOut": "2024-03-10",
  "guests": { "adults": 2 }
}
10:27:25.279 [main] INFO  com.trivago.automation.api.tests.HotelsAPITest - Response Status: 400
10:27:25.280 [main] INFO  com.trivago.automation.api.tests.HotelsAPITest - ✓ Invalid dates rejected with status: 400
]]></system-out>
  </testcase>
  <testcase name="testSearchWithInvalidDateFormat" classname="com.trivago.automation.api.tests.HotelsAPITest" time="0.044">
    <system-out><![CDATA[10:27:25.285 [main] INFO  com.trivago.automation.api.tests.HotelsAPITest - 
--- TEST 3: Search with invalid date format ---
10:27:25.286 [main] INFO  com.trivago.automation.api.tests.HotelsAPITest - GET Request to: http://localhost:8080/v1/hotels/search
10:27:25.286 [main] INFO  com.trivago.automation.api.tests.HotelsAPITest -   Param: destination = Paris
10:27:25.287 [main] INFO  com.trivago.automation.api.tests.HotelsAPITest -   Param: checkIn = invalid-date
10:27:25.287 [main] INFO  com.trivago.automation.api.tests.HotelsAPITest -   Param: checkOut = 2024-03-15
10:27:25.325 [main] INFO  com.trivago.automation.api.tests.HotelsAPITest - Response Status: 400
10:27:25.325 [main] INFO  com.trivago.automation.api.tests.HotelsAPITest - ✓ Returns 400 for invalid date
]]></system-out>
  </testcase>
  <testcase name="testResponseJSONStructure" classname="com.trivago.automation.api.tests.HotelsAPITest" time="0.622">
    <system-out><![CDATA[10:27:25.330 [main] INFO  com.trivago.automation.api.tests.HotelsAPITest - 
--- TEST 11: Verify response JSON structure ---
10:27:25.331 [main] INFO  com.trivago.automation.api.tests.HotelsAPITest - GET Request to: http://localhost:8080/v1/hotels/search
10:27:25.331 [main] INFO  com.trivago.automation.api.tests.HotelsAPITest -   Param: destination = Paris
10:27:25.332 [main] INFO  com.trivago.automation.api.tests.HotelsAPITest -   Param: checkIn = 2024-03-10
10:27:25.332 [main] INFO  com.trivago.automation.api.tests.HotelsAPITest -   Param: checkOut = 2024-03-15
10:27:25.876 [main] INFO  com.trivago.automation.api.tests.HotelsAPITest - Response Status: 200
10:27:25.949 [main] INFO  com.trivago.automation.api.tests.HotelsAPITest - ✓ JSON structure is valid
]]></system-out>
  </testcase>
  <testcase name="testSearchWithPastDates" classname="com.trivago.automation.api.tests.HotelsAPITest" time="0.052">
    <system-out><![CDATA[10:27:25.955 [main] INFO  com.trivago.automation.api.tests.HotelsAPITest - 
--- TEST 4: Search with past dates ---
10:27:25.956 [main] INFO  com.trivago.automation.api.tests.HotelsAPITest - GET Request to: http://localhost:8080/v1/hotels/search
10:27:25.956 [main] INFO  com.trivago.automation.api.tests.HotelsAPITest -   Param: destination = Paris
10:27:25.957 [main] INFO  com.trivago.automation.api.tests.HotelsAPITest -   Param: checkIn = 2020-01-01
10:27:25.957 [main] INFO  com.trivago.automation.api.tests.HotelsAPITest -   Param: checkOut = 2020-01-10
10:27:26.000 [main] INFO  com.trivago.automation.api.tests.HotelsAPITest - Response Status: 400
10:27:26.004 [main] INFO  com.trivago.automation.api.tests.HotelsAPITest - ✓ Past dates rejected with status: 400
]]></system-out>
  </testcase>
  <testcase name="testSearchHotelsWithValidParameters" classname="com.trivago.automation.api.tests.HotelsAPITest" time="0.62">
    <system-out><![CDATA[10:27:26.009 [main] INFO  com.trivago.automation.api.tests.HotelsAPITest - 
--- TEST 1: Search with valid parameters ---
10:27:26.010 [main] INFO  com.trivago.automation.api.tests.HotelsAPITest - GET Request to: http://localhost:8080/v1/hotels/search
10:27:26.011 [main] INFO  com.trivago.automation.api.tests.HotelsAPITest -   Param: destination = Paris
10:27:26.011 [main] INFO  com.trivago.automation.api.tests.HotelsAPITest -   Param: checkIn = 2024-03-10
10:27:26.011 [main] INFO  com.trivago.automation.api.tests.HotelsAPITest -   Param: checkOut = 2024-03-15
10:27:26.012 [main] INFO  com.trivago.automation.api.tests.HotelsAPITest -   Param: adults = 2
10:27:26.012 [main] INFO  com.trivago.automation.api.tests.HotelsAPITest -   Param: children = 1
10:27:26.571 [main] INFO  com.trivago.automation.api.tests.HotelsAPITest - Response Status: 200
10:27:26.571 [main] INFO  com.trivago.automation.api.tests.HotelsAPITest - ✓ Status code is 200
10:27:26.599 [main] INFO  com.trivago.automation.api.tests.HotelsAPITest - ✓ Found 5 hotels
10:27:26.626 [main] INFO  com.trivago.automation.api.tests.HotelsAPITest - ✓ Response has status field
]]></system-out>
  </testcase>
</testsuite>